<?xml version="1.0" encoding="UTF-8"?>
<testng-results ignored="0" total="1" passed="1" failed="0" skipped="0">
  <reporter-output>
  </reporter-output>
  <suite started-at="2024-06-12T16:37:15 IST" name="Default suite" finished-at="2024-06-12T16:37:53 IST" duration-ms="38310">
    <groups>
    </groups>
    <test started-at="2024-06-12T16:37:15 IST" name="Default test" finished-at="2024-06-12T16:37:53 IST" duration-ms="38310">
      <class name="blazedemotest.Blazedemologintest">
        <test-method is-config="true" signature="setup()[pri:0, instance:blazedemotest.Blazedemologintest@3349e9bb]" started-at="2024-06-12T16:37:15 IST" name="setup" finished-at="2024-06-12T16:37:43 IST" duration-ms="28038" status="PASS">
          <reporter-output>
          </reporter-output>
        </test-method> <!-- setup -->
        <test-method is-config="true" signature="url()[pri:0, instance:blazedemotest.Blazedemologintest@3349e9bb]" started-at="2024-06-12T16:37:43 IST" name="url" finished-at="2024-06-12T16:37:48 IST" duration-ms="5138" status="PASS">
          <reporter-output>
          </reporter-output>
        </test-method> <!-- url -->
        <test-method signature="testLogin()[pri:0, instance:blazedemotest.Blazedemologintest@3349e9bb]" started-at="2024-06-12T16:37:48 IST" name="testLogin" finished-at="2024-06-12T16:37:53 IST" duration-ms="4892" status="PASS">
          <reporter-output>
          </reporter-output>
        </test-method> <!-- testLogin -->
      </class> <!-- blazedemotest.Blazedemologintest -->
    </test> <!-- Default test -->
  </suite> <!-- Default suite -->
</testng-results>
